<?xml version="1.0" encoding="UTF-8"?>
<!-- Generated by org.testng.reporters.JUnitXMLReporter -->
<testsuite hostname="LAPTOP-MEFRD64S" ignored="0" name="PersonalLoan" tests="3" failures="0" timestamp="2019-09-11T18:49:48 EDT" time="0.01" errors="0">
  <testcase name="personalLoanForm" time="0.001" classname="test.PersonalLoan"/>
  <testcase name="personalLoanlogin" time="0.001" classname="test.PersonalLoan"/>
  <testcase name="personalLoanlogout" time="0.002" classname="test.PersonalLoan"/>
</testsuite> <!-- PersonalLoan -->
