<?xml version="1.0" encoding="UTF-8"?>
<!-- Generated by org.testng.reporters.JUnitXMLReporter -->
<testsuite hostname="LAPTOP-MEFRD64S" ignored="0" name="Test" tests="8" failures="0" timestamp="2019-09-09T19:16:58 EDT" time="1.217" errors="0">
  <testcase name="Demo" time="0.161" classname="test.Day1"/>
  <testcase name="Demo2" time="0.023" classname="test.Day1"/>
  <testcase name="homeLoanForm" time="0.039" classname="test.Homeloan"/>
  <testcase name="homeLoanlogin" time="0.05" classname="test.Homeloan"/>
  <testcase name="homeLoanlogout" time="0.023" classname="test.Homeloan"/>
  <testcase name="carLoanlogin" time="0.022" classname="test.Carloan"/>
  <testcase name="carLoanlogout" time="0.053" classname="test.Carloan"/>
  <testcase name="carLoanForm" time="0.022" classname="test.Carloan"/>
</testsuite> <!-- Test -->
