<?xml version="1.0" encoding="UTF-8"?>
<!-- Generated by org.testng.reporters.JUnitXMLReporter -->
<testsuite hostname="LAPTOP-MEFRD64S" ignored="0" name="HomeandCarloan" tests="6" failures="1" timestamp="2019-09-16T07:52:00 EDT" time="1.702" errors="0">
  <testcase name="homeloanform" time="0.279" classname="test.Homeloan">
    <failure type="java.lang.AssertionError" message="did not expect to find [true] but found [false]">
      <![CDATA[java.lang.AssertionError: did not expect to find [true] but found [false]
at test.Homeloan.homeloanform(Homeloan.java:22)
at java.util.ArrayList.forEach(Unknown Source)
... Removed 31 stack frames]]>
    </failure>
  </testcase> <!-- homeloanform -->
  <testcase name="homeloanlogin" time="0.048" classname="test.Homeloan"/>
  <testcase name="homeloanlogout" time="0.029" classname="test.Homeloan"/>
  <testcase name="carloanform" time="0.046" classname="test.Carloan"/>
  <testcase name="carloanlogin" time="0.052" classname="test.Carloan"/>
  <testcase name="carloanlogout" time="0.041" classname="test.Carloan"/>
</testsuite> <!-- HomeandCarloan -->
