<?xml version="1.0" encoding="UTF-8"?>
<!-- Generated by org.testng.reporters.JUnitXMLReporter -->
<testsuite hostname="LAPTOP-MEFRD64S" ignored="0" name="personalLaon" tests="3" failures="0" timestamp="2019-09-16T07:52:01 EDT" time="0.127" errors="0">
  <testcase name="personalloanform" time="0.011" classname="test.PersonalLoan"/>
  <testcase name="personalloanlogin" time="0.013" classname="test.PersonalLoan"/>
  <testcase name="personalloanlogout" time="0.061" classname="test.PersonalLoan"/>
</testsuite> <!-- personalLaon -->
