<?xml version="1.0" encoding="UTF-8"?>
<!-- Generated by org.testng.reporters.JUnitXMLReporter -->
<testsuite hostname="LAPTOP-MEFRD64S" ignored="0" name="Test" tests="6" failures="0" timestamp="2019-09-12T07:37:22 EDT" time="1.197" errors="0">
  <testcase name="homeloanform" time="0.172" classname="test.Homeloan"/>
  <testcase name="homeloanlogin" time="0.033" classname="test.Homeloan"/>
  <testcase name="homeloanlogout" time="0.056" classname="test.Homeloan"/>
  <testcase name="carloanform" time="0.045" classname="test.Carloan"/>
  <testcase name="carloanlogin" time="0.025" classname="test.Carloan"/>
  <testcase name="carloanlogout" time="0.031" classname="test.Carloan"/>
</testsuite> <!-- Test -->
